<?xml version="1.0" encoding="UTF-8"?>
<!-- Generated by org.testng.reporters.JUnitReportReporter -->
<testsuite skipped="0" hostname="DESKTOP-OH0EO4Q" name="facebookdemo.Facebook" tests="1" failures="0" timestamp="2020-05-22T12:12:28 IST" time="40.582" errors="0">
  <testcase name="facebookloginpage" time="40.582" classname="facebookdemo.Facebook"/>
  <system-out/>
</testsuite> <!-- facebookdemo.Facebook -->
